<?xml version="1.0" encoding="UTF-8"?>
<!-- Generated by org.testng.reporters.JUnitXMLReporter -->
<testsuite hostname="A2ML15068" ignored="0" name="Default test" tests="5" failures="0" timestamp="28 Feb 2018 11:03:19 GMT" time="72.983" errors="0">
  <testcase name="loginPage" time="48.589" classname="com.mindtree.main.Book_Ticket"/>
  <testcase name="flightFinder" time="6.254" classname="com.mindtree.main.Book_Ticket"/>
  <testcase name="selectFlightPage" time="1.57" classname="com.mindtree.main.Book_Ticket"/>
  <testcase name="summaryPage" time="3.427" classname="com.mindtree.main.Book_Ticket"/>
  <testcase name="confirmationPage" time="0.088" classname="com.mindtree.main.Book_Ticket"/>
</testsuite> <!-- Default test -->
