<?xml version="1.0" encoding="UTF-8"?>
<testsuite xmlns:xsi="http://www.w3.org/2001/XMLSchema-instance" xsi:noNamespaceSchemaLocation="https://maven.apache.org/surefire/maven-surefire-plugin/xsd/surefire-test-report.xsd" name="TestSuite" time="71.926" tests="5" errors="0" skipped="0" failures="0">
  <properties>
[...]
</properties>
  <testcase name="loginPage" classname="com.mindtree.main.Book_Ticket" time="4.855"/>
  <testcase name="flightFinder" classname="com.mindtree.main.Book_Ticket" time="8.904"/>
  <testcase name="selectFlightPage" classname="com.mindtree.main.Book_Ticket" time="1.351"/>
  <testcase name="summaryPage" classname="com.mindtree.main.Book_Ticket" time="3.081"/>
  <testcase name="confirmationPage" classname="com.mindtree.main.Book_Ticket" time="0.11"/>
</testsuite>