<?xml version="1.0" encoding="UTF-8"?>
<testsuite xmlns:xsi="http://www.w3.org/2001/XMLSchema-instance" xsi:noNamespaceSchemaLocation="https://maven.apache.org/surefire/maven-surefire-plugin/xsd/surefire-test-report.xsd" name="TestSuite" time="107.296" tests="5" errors="0" skipped="0" failures="5">
  <properties>
[...]
</properties>
  <testcase name="loginPage" classname="com.mindtree.main.Book_Ticket" time="90.462">
    <failure message="timeout&#10;  (Session info: chrome=64.0.3282.186)&#10;  (Driver info: chromedriver=2.33.506120 (e3e53437346286c0bc2d2dc9aa4915ba81d9023f),platform=Windows NT 6.3.9600 x86_64) (WARNING: The server did not provide any stacktrace information)&#10;Command duration or timeout: 0 milliseconds&#10;Build info: version: &apos;3.9.1&apos;, revision: &apos;63f7b50&apos;, time: &apos;2018-02-07T22:25:02.294Z&apos;&#10;System info: host: &apos;A2ML15068&apos;, ip: &apos;192.168.1.100&apos;, os.name: &apos;Windows 8.1&apos;, os.arch: &apos;amd64&apos;, os.version: &apos;6.3&apos;, java.version: &apos;1.8.0_102&apos;&#10;Driver info: org.openqa.selenium.chrome.ChromeDriver&#10;Capabilities {acceptSslCerts: true, applicationCacheEnabled: false, browserConnectionEnabled: false, browserName: chrome, chrome: {chromedriverVersion: 2.33.506120 (e3e53437346286..., userDataDir: C:\Users\m1022639\AppData\L...}, cssSelectorsEnabled: true, databaseEnabled: false, handlesAlerts: true, hasTouchScreen: false, javascriptEnabled: true, locationContextEnabled: true, mobileEmulationEnabled: false, nativeEvents: true, networkConnectionEnabled: false, pageLoadStrategy: normal, platform: XP, platformName: XP, rotatable: false, setWindowRect: true, takesHeapSnapshot: true, takesScreenshot: true, unexpectedAlertBehaviour: , unhandledPromptBehavior: , version: 64.0.3282.186, webStorageEnabled: true}&#10;Session ID: a12e28b7fd2354b6f58bdead0ae92099" type="org.openqa.selenium.TimeoutException">org.openqa.selenium.TimeoutException: 
timeout
  (Session info: chrome=64.0.3282.186)
  (Driver info: chromedriver=2.33.506120 (e3e53437346286c0bc2d2dc9aa4915ba81d9023f),platform=Windows NT 6.3.9600 x86_64) (WARNING: The server did not provide any stacktrace information)
Command duration or timeout: 0 milliseconds
Build info: version: '3.9.1', revision: '63f7b50', time: '2018-02-07T22:25:02.294Z'
System info: host: 'A2ML15068', ip: '192.168.1.100', os.name: 'Windows 8.1', os.arch: 'amd64', os.version: '6.3', java.version: '1.8.0_102'
Driver info: org.openqa.selenium.chrome.ChromeDriver
Capabilities {acceptSslCerts: true, applicationCacheEnabled: false, browserConnectionEnabled: false, browserName: chrome, chrome: {chromedriverVersion: 2.33.506120 (e3e53437346286..., userDataDir: C:\Users\m1022639\AppData\L...}, cssSelectorsEnabled: true, databaseEnabled: false, handlesAlerts: true, hasTouchScreen: false, javascriptEnabled: true, locationContextEnabled: true, mobileEmulationEnabled: false, nativeEvents: true, networkConnectionEnabled: false, pageLoadStrategy: normal, platform: XP, platformName: XP, rotatable: false, setWindowRect: true, takesHeapSnapshot: true, takesScreenshot: true, unexpectedAlertBehaviour: , unhandledPromptBehavior: , version: 64.0.3282.186, webStorageEnabled: true}
Session ID: a12e28b7fd2354b6f58bdead0ae92099
	at com.mindtree.main.Book_Ticket.loginPage(Book_Ticket.java:83)
</failure>
    <system-out><![CDATA[ Page Title is: Welcome: Mercury Tours
]]></system-out>
    <system-err><![CDATA[Starting ChromeDriver 2.33.506120 (e3e53437346286c0bc2d2dc9aa4915ba81d9023f) on port 4205
Only local connections are allowed.
Mar 01, 2018 3:30:31 PM org.openqa.selenium.remote.ProtocolHandshake createSession
INFO: Detected dialect: OSS
[98.121][SEVERE]: Timed out receiving message from renderer: 90.000
[98.144][SEVERE]: Timed out receiving message from renderer: -0.023
]]></system-err>
  </testcase>
  <testcase name="flightFinder" classname="com.mindtree.main.Book_Ticket" time="0.023">
    <failure message="expected [Welcome: Mercury Tours] but found [Find a Flight: Mercury Tours:]" type="java.lang.AssertionError">java.lang.AssertionError: expected [Welcome: Mercury Tours] but found [Find a Flight: Mercury Tours:]
	at com.mindtree.main.Book_Ticket.flightFinder(Book_Ticket.java:93)
</failure>
    <system-out><![CDATA[ User failed to login Please try again
]]></system-out>
  </testcase>
  <testcase name="selectFlightPage" classname="com.mindtree.main.Book_Ticket" time="0.037">
    <failure message="expected [Welcome: Mercury Tours] but found [Select a Flight: Mercury Tours]" type="java.lang.AssertionError">java.lang.AssertionError: expected [Welcome: Mercury Tours] but found [Select a Flight: Mercury Tours]
	at com.mindtree.main.Book_Ticket.selectFlightPage(Book_Ticket.java:131)
</failure>
  </testcase>
  <testcase name="summaryPage" classname="com.mindtree.main.Book_Ticket" time="0.011">
    <failure message="expected [Welcome: Mercury Tours] but found [Book a Flight: Mercury Tours]" type="java.lang.AssertionError">java.lang.AssertionError: expected [Welcome: Mercury Tours] but found [Book a Flight: Mercury Tours]
	at com.mindtree.main.Book_Ticket.summaryPage(Book_Ticket.java:139)
</failure>
  </testcase>
  <testcase name="confirmationPage" classname="com.mindtree.main.Book_Ticket" time="0.01">
    <failure message="expected [Welcome: Mercury Tours] but found [Flight Confirmation: Mercury Tours]" type="java.lang.AssertionError">java.lang.AssertionError: expected [Welcome: Mercury Tours] but found [Flight Confirmation: Mercury Tours]
	at com.mindtree.main.Book_Ticket.confirmationPage(Book_Ticket.java:165)
</failure>
  </testcase>
</testsuite>