<?xml version="1.0" encoding="UTF-8"?>
<!-- Generated by org.testng.reporters.JUnitXMLReporter -->
<testsuite hostname="A2ML15068" ignored="0" name="Test" tests="5" failures="0" timestamp="06 Mar 2018 10:54:57 GMT" time="52.888" errors="0">
  <testcase name="loginPage" time="2.341" classname="com.mindtree.main.Book_Ticket1"/>
  <testcase name="findFlights" time="8.738" classname="com.mindtree.main.Book_Ticket1"/>
  <testcase name="selectFlightPage" time="4.669" classname="com.mindtree.main.Book_Ticket1"/>
  <testcase name="summaryPage" time="5.627" classname="com.mindtree.main.Book_Ticket1"/>
  <testcase name="confirmationPage" time="0.107" classname="com.mindtree.main.Book_Ticket1"/>
</testsuite> <!-- Test -->
