<?xml version="1.0" encoding="UTF-8"?>
<testng-results skipped="0" failed="0" ignored="0" total="1" passed="1">
  <reporter-output>
  </reporter-output>
  <suite name="Default suite" duration-ms="3754" started-at="2018-03-30T09:29:44Z" finished-at="2018-03-30T09:29:48Z">
    <groups>
    </groups>
    <test name="Default test" duration-ms="3754" started-at="2018-03-30T09:29:44Z" finished-at="2018-03-30T09:29:48Z">
      <class name="restAssured.JsonUsage">
        <test-method status="PASS" signature="GetWeatherDetailsCondensed()[pri:0, instance:restAssured.JsonUsage@2a2d45ba]" name="GetWeatherDetailsCondensed" duration-ms="3720" started-at="2018-03-30T09:29:44Z" finished-at="2018-03-30T09:29:48Z">
          <reporter-output>
          </reporter-output>
        </test-method> <!-- GetWeatherDetailsCondensed -->
      </class> <!-- restAssured.JsonUsage -->
    </test> <!-- Default test -->
  </suite> <!-- Default suite -->
</testng-results>
