<?xml version="1.0" encoding="UTF-8"?>
<!-- Generated by org.testng.reporters.JUnitXMLReporter -->
<testsuite hostname="A2ML15068" ignored="0" name="Test" tests="5" failures="4" timestamp="28 Feb 2018 06:53:40 GMT" time="34.512" errors="0">
  <testcase name="@AfterTest triggerMail" time="0.0" classname="com.mindtree.main.Book_Ticket">
    <failure type="java.lang.NoClassDefFoundError" message="com/sun/mail/util/MailLogger">
      <![CDATA[java.lang.NoClassDefFoundError: com/sun/mail/util/MailLogger
at javax.mail.Session.initLogger(Session.java:230)
at javax.mail.Session.<init>(Session.java:214)
at javax.mail.Session.getDefaultInstance(Session.java:325)
at javax.mail.Session.getDefaultInstance(Session.java:365)
at com.mindtree.email.Email_Conf.sendPDFReportByGMail(Email_Conf.java:75)
at com.mindtree.main.Book_Ticket.triggerMail(Book_Ticket.java:169)
Caused by: java.lang.ClassNotFoundException: com.sun.mail.util.MailLogger
at java.net.URLClassLoader.findClass(Unknown Source)
at java.lang.ClassLoader.loadClass(Unknown Source)
at sun.misc.Launcher$AppClassLoader.loadClass(Unknown Source)
at java.lang.ClassLoader.loadClass(Unknown Source)
... 30 more
... Removed 24 stack frames]]>
    </failure>
  </testcase> <!-- @AfterTest triggerMail -->
  <testcase name="loginPage" time="2.113" classname="com.mindtree.main.Book_Ticket"/>
  <testcase name="flightFinder" time="0.036" classname="com.mindtree.main.Book_Ticket">
    <failure type="java.lang.AssertionError" message="expected [Sign-on: Mercury Tours] but found [Find a Flight: Mercury Tours:]">
      <![CDATA[java.lang.AssertionError: expected [Sign-on: Mercury Tours] but found [Find a Flight: Mercury Tours:]
at com.mindtree.main.Book_Ticket.flightFinder(Book_Ticket.java:87)
... Removed 31 stack frames]]>
    </failure>
  </testcase> <!-- flightFinder -->
  <testcase name="selectFlightPage" time="0.068" classname="com.mindtree.main.Book_Ticket">
    <failure type="java.lang.AssertionError" message="expected [Sign-on: Mercury Tours] but found [Select a Flight: Mercury Tours]">
      <![CDATA[java.lang.AssertionError: expected [Sign-on: Mercury Tours] but found [Select a Flight: Mercury Tours]
at com.mindtree.main.Book_Ticket.selectFlightPage(Book_Ticket.java:125)
... Removed 31 stack frames]]>
    </failure>
  </testcase> <!-- selectFlightPage -->
  <testcase name="summaryPage" time="0.046" classname="com.mindtree.main.Book_Ticket">
    <failure type="java.lang.AssertionError" message="expected [Sign-on: Mercury Tours] but found [Book a Flight: Mercury Tours]">
      <![CDATA[java.lang.AssertionError: expected [Sign-on: Mercury Tours] but found [Book a Flight: Mercury Tours]
at com.mindtree.main.Book_Ticket.summaryPage(Book_Ticket.java:133)
... Removed 31 stack frames]]>
    </failure>
  </testcase> <!-- summaryPage -->
  <testcase name="confirmationPage" time="0.047" classname="com.mindtree.main.Book_Ticket">
    <failure type="java.lang.AssertionError" message="expected [Sign-on: Mercury Tours] but found [Flight Confirmation: Mercury Tours]">
      <![CDATA[java.lang.AssertionError: expected [Sign-on: Mercury Tours] but found [Flight Confirmation: Mercury Tours]
at com.mindtree.main.Book_Ticket.confirmationPage(Book_Ticket.java:159)
... Removed 31 stack frames]]>
    </failure>
  </testcase> <!-- confirmationPage -->
</testsuite> <!-- Test -->
