<?xml version="1.0" encoding="UTF-8"?>
<!-- Generated by org.testng.reporters.JUnitXMLReporter -->
<testsuite hostname="A2ML15068" name="Test" tests="5" failures="0" timestamp="6 Mar 2018 06:56:49 GMT" time="46.544" errors="0">
  <testcase name="loginPage" time="4.849" classname="com.mindtree.main.Book_Ticket"/>
  <testcase name="flightFinder" time="8.903" classname="com.mindtree.main.Book_Ticket"/>
  <testcase name="selectFlightPage" time="1.351" classname="com.mindtree.main.Book_Ticket"/>
  <testcase name="summaryPage" time="3.08" classname="com.mindtree.main.Book_Ticket"/>
  <testcase name="confirmationPage" time="0.11" classname="com.mindtree.main.Book_Ticket"/>
</testsuite> <!-- Test -->
