<?xml version="1.0" encoding="UTF-8"?>
<!-- Generated by org.testng.reporters.JUnitXMLReporter -->
<testsuite hostname="A2ML15068" ignored="0" name="Default test" tests="5" failures="0" timestamp="12 Mar 2018 11:30:56 GMT" time="80.485" errors="0">
  <testcase name="loginPage" time="2.27" classname="com.mindtree.main.Book_Ticket1"/>
  <testcase name="findFlights" time="6.937" classname="com.mindtree.main.Book_Ticket1"/>
  <testcase name="selectFlightPage" time="29.117" classname="com.mindtree.main.Book_Ticket1"/>
  <testcase name="summaryPage" time="13.864" classname="com.mindtree.main.Book_Ticket1"/>
  <testcase name="confirmationPage" time="0.128" classname="com.mindtree.main.Book_Ticket1"/>
</testsuite> <!-- Default test -->
