<?xml version="1.0" encoding="UTF-8"?>
<!-- Generated by org.testng.reporters.JUnitXMLReporter -->
<testsuite hostname="A2ML15068" ignored="0" name="Default test" tests="5" failures="0" timestamp="06 Mar 2018 10:53:02 GMT" time="47.368" errors="0">
  <testcase name="loginPage" time="5.616" classname="com.mindtree.main.Book_Ticket1"/>
  <testcase name="findFlights" time="5.93" classname="com.mindtree.main.Book_Ticket1"/>
  <testcase name="selectFlightPage" time="1.348" classname="com.mindtree.main.Book_Ticket1"/>
  <testcase name="summaryPage" time="5.883" classname="com.mindtree.main.Book_Ticket1"/>
  <testcase name="confirmationPage" time="0.099" classname="com.mindtree.main.Book_Ticket1"/>
</testsuite> <!-- Default test -->
